0 info it worked if it ends with ok
1 verbose cli [ '/usr/bin/nodejs',
1 verbose cli   '/usr/bin/npm',
1 verbose cli   'install',
1 verbose cli   '-g',
1 verbose cli   'jashkenas/coffeescript' ]
2 info using npm@1.3.10
3 info using node@v0.10.21
4 verbose cache add [ 'jashkenas/coffeescript', null ]
5 verbose cache add name=undefined spec="jashkenas/coffeescript" args=["jashkenas/coffeescript",null]
6 verbose parsed url { protocol: null,
6 verbose parsed url   slashes: null,
6 verbose parsed url   auth: null,
6 verbose parsed url   host: null,
6 verbose parsed url   port: null,
6 verbose parsed url   hostname: null,
6 verbose parsed url   hash: null,
6 verbose parsed url   search: null,
6 verbose parsed url   query: null,
6 verbose parsed url   pathname: 'jashkenas/coffeescript',
6 verbose parsed url   path: 'jashkenas/coffeescript',
6 verbose parsed url   href: 'jashkenas/coffeescript' }
7 silly lockFile 328d62fc-jashkenas-coffeescript jashkenas/coffeescript
8 verbose lock jashkenas/coffeescript /home/mba/.npm/328d62fc-jashkenas-coffeescript.lock
9 info maybeGithub Attempting jashkenas/coffeescript from git://github.com/jashkenas/coffeescript
10 silly lockFile 2543cf05-ithub-com-jashkenas-coffeescript git://github.com/jashkenas/coffeescript
11 verbose lock git://github.com/jashkenas/coffeescript /home/mba/.npm/2543cf05-ithub-com-jashkenas-coffeescript.lock
12 verbose addRemoteGit [ 'git://github.com/jashkenas/coffeescript', 'master' ]
13 verbose git clone git://github.com/jashkenas/coffeescript Cloning into bare repository '/home/mba/.npm/_git-remotes/git-github-com-jashkenas-coffeescript-2543cf05'...
14 verbose git fetch -a origin (git://github.com/jashkenas/coffeescript)
15 verbose git rev-list -n1 master a563e8f8fe0d99d6f107dedb26e8680915bc1d78
16 verbose resolved git url git://github.com/jashkenas/coffeescript#a563e8f8fe0d99d6f107dedb26e8680915bc1d78
17 verbose tar unpack /home/mba/tmp/npm-17266-H5o17SK2/1415021792079-0.12448823312297463/tmp.tgz
18 silly lockFile 0bc00149-2079-0-12448823312297463-package tar:///home/mba/tmp/npm-17266-H5o17SK2/1415021792079-0.12448823312297463/package
19 verbose lock tar:///home/mba/tmp/npm-17266-H5o17SK2/1415021792079-0.12448823312297463/package /home/mba/.npm/0bc00149-2079-0-12448823312297463-package.lock
20 silly lockFile 009a88ac-2079-0-12448823312297463-tmp-tgz tar:///home/mba/tmp/npm-17266-H5o17SK2/1415021792079-0.12448823312297463/tmp.tgz
21 verbose lock tar:///home/mba/tmp/npm-17266-H5o17SK2/1415021792079-0.12448823312297463/tmp.tgz /home/mba/.npm/009a88ac-2079-0-12448823312297463-tmp-tgz.lock
22 silly gunzTarPerm modes [ '755', '644' ]
23 silly gunzTarPerm extractEntry
24 silly gunzTarPerm modified mode [ '', 509, 493 ]
25 silly gunzTarPerm extractEntry .gitignore
26 silly gunzTarPerm modified mode [ '.gitignore', 436, 420 ]
27 silly gunzTarPerm extractEntry .npmignore
28 silly gunzTarPerm modified mode [ '.npmignore', 436, 420 ]
29 silly gunzTarPerm extractEntry CNAME
30 silly gunzTarPerm modified mode [ 'CNAME', 436, 420 ]
31 silly gunzTarPerm extractEntry CONTRIBUTING.md
32 silly gunzTarPerm modified mode [ 'CONTRIBUTING.md', 436, 420 ]
33 silly gunzTarPerm extractEntry Cakefile
34 silly gunzTarPerm modified mode [ 'Cakefile', 436, 420 ]
35 silly gunzTarPerm extractEntry LICENSE
36 silly gunzTarPerm modified mode [ 'LICENSE', 436, 420 ]
37 silly gunzTarPerm extractEntry README
38 silly gunzTarPerm modified mode [ 'README', 436, 420 ]
39 silly gunzTarPerm extractEntry README.md
40 silly gunzTarPerm modified mode [ 'README.md', 436, 420 ]
41 silly gunzTarPerm extractEntry bin/
42 silly gunzTarPerm modified mode [ 'bin/', 509, 493 ]
43 silly gunzTarPerm extractEntry bin/cake
44 silly gunzTarPerm modified mode [ 'bin/cake', 509, 493 ]
45 silly gunzTarPerm extractEntry bin/coffee
46 silly gunzTarPerm modified mode [ 'bin/coffee', 509, 493 ]
47 silly gunzTarPerm extractEntry bower.json
48 silly gunzTarPerm modified mode [ 'bower.json', 436, 420 ]
49 silly gunzTarPerm extractEntry documentation/
50 silly gunzTarPerm modified mode [ 'documentation/', 509, 493 ]
51 silly gunzTarPerm extractEntry documentation/coffee/
52 silly gunzTarPerm modified mode [ 'documentation/coffee/', 509, 493 ]
53 silly gunzTarPerm extractEntry documentation/coffee/aliases.coffee
54 silly gunzTarPerm modified mode [ 'documentation/coffee/aliases.coffee', 436, 420 ]
55 silly gunzTarPerm extractEntry documentation/coffee/array_comprehensions.coffee
56 silly gunzTarPerm modified mode [ 'documentation/coffee/array_comprehensions.coffee', 436, 420 ]
57 silly gunzTarPerm extractEntry documentation/coffee/block_comment.coffee
58 silly gunzTarPerm modified mode [ 'documentation/coffee/block_comment.coffee', 436, 420 ]
59 silly gunzTarPerm extractEntry documentation/coffee/cake_tasks.coffee
60 silly gunzTarPerm modified mode [ 'documentation/coffee/cake_tasks.coffee', 436, 420 ]
61 silly gunzTarPerm extractEntry documentation/coffee/chaining.coffee
62 silly gunzTarPerm modified mode [ 'documentation/coffee/chaining.coffee', 436, 420 ]
63 silly gunzTarPerm extractEntry documentation/coffee/classes.coffee
64 silly gunzTarPerm modified mode [ 'documentation/coffee/classes.coffee', 436, 420 ]
65 silly gunzTarPerm extractEntry documentation/coffee/comparisons.coffee
66 silly gunzTarPerm modified mode [ 'documentation/coffee/comparisons.coffee', 436, 420 ]
67 silly gunzTarPerm extractEntry documentation/coffee/conditionals.coffee
68 silly gunzTarPerm modified mode [ 'documentation/coffee/conditionals.coffee', 436, 420 ]
69 silly gunzTarPerm extractEntry documentation/coffee/constructor_destructuring.coffee
70 silly gunzTarPerm modified mode [ 'documentation/coffee/constructor_destructuring.coffee',
70 silly gunzTarPerm   436,
70 silly gunzTarPerm   420 ]
71 silly gunzTarPerm extractEntry documentation/coffee/default_args.coffee
72 silly gunzTarPerm modified mode [ 'documentation/coffee/default_args.coffee', 436, 420 ]
73 silly gunzTarPerm extractEntry documentation/coffee/do.coffee
74 silly gunzTarPerm modified mode [ 'documentation/coffee/do.coffee', 436, 420 ]
75 silly gunzTarPerm extractEntry documentation/coffee/embedded.coffee
76 silly gunzTarPerm modified mode [ 'documentation/coffee/embedded.coffee', 436, 420 ]
77 silly gunzTarPerm extractEntry documentation/coffee/existence.coffee
78 silly gunzTarPerm modified mode [ 'documentation/coffee/existence.coffee', 436, 420 ]
79 silly gunzTarPerm extractEntry documentation/coffee/expansion.coffee
80 silly gunzTarPerm modified mode [ 'documentation/coffee/expansion.coffee', 436, 420 ]
81 silly gunzTarPerm extractEntry documentation/coffee/expressions.coffee
82 silly gunzTarPerm modified mode [ 'documentation/coffee/expressions.coffee', 436, 420 ]
83 silly gunzTarPerm extractEntry documentation/coffee/expressions_assignment.coffee
84 silly gunzTarPerm modified mode [ 'documentation/coffee/expressions_assignment.coffee',
84 silly gunzTarPerm   436,
84 silly gunzTarPerm   420 ]
85 silly gunzTarPerm extractEntry documentation/coffee/expressions_comprehension.coffee
86 silly gunzTarPerm modified mode [ 'documentation/coffee/expressions_comprehension.coffee',
86 silly gunzTarPerm   436,
86 silly gunzTarPerm   420 ]
87 silly gunzTarPerm extractEntry documentation/coffee/expressions_try.coffee
88 silly gunzTarPerm modified mode [ 'documentation/coffee/expressions_try.coffee', 436, 420 ]
89 silly gunzTarPerm extractEntry documentation/coffee/fat_arrow.coffee
90 silly gunzTarPerm modified mode [ 'documentation/coffee/fat_arrow.coffee', 436, 420 ]
91 silly gunzTarPerm extractEntry documentation/coffee/functions.coffee
92 silly gunzTarPerm modified mode [ 'documentation/coffee/functions.coffee', 436, 420 ]
93 silly gunzTarPerm extractEntry documentation/coffee/heredocs.coffee
94 silly gunzTarPerm modified mode [ 'documentation/coffee/heredocs.coffee', 436, 420 ]
95 silly gunzTarPerm extractEntry documentation/coffee/heregexes.coffee
96 silly gunzTarPerm modified mode [ 'documentation/coffee/heregexes.coffee', 436, 420 ]
97 silly gunzTarPerm extractEntry documentation/coffee/interpolation.coffee
98 silly gunzTarPerm modified mode [ 'documentation/coffee/interpolation.coffee', 436, 420 ]
99 silly gunzTarPerm extractEntry documentation/coffee/multiple_return_values.coffee
100 silly gunzTarPerm modified mode [ 'documentation/coffee/multiple_return_values.coffee',
100 silly gunzTarPerm   436,
100 silly gunzTarPerm   420 ]
101 silly gunzTarPerm extractEntry documentation/coffee/object_comprehensions.coffee
102 silly gunzTarPerm modified mode [ 'documentation/coffee/object_comprehensions.coffee', 436, 420 ]
103 silly gunzTarPerm extractEntry documentation/coffee/object_extraction.coffee
104 silly gunzTarPerm modified mode [ 'documentation/coffee/object_extraction.coffee', 436, 420 ]
105 silly gunzTarPerm extractEntry documentation/coffee/objects_and_arrays.coffee
106 silly gunzTarPerm modified mode [ 'documentation/coffee/objects_and_arrays.coffee', 436, 420 ]
107 silly gunzTarPerm extractEntry documentation/coffee/objects_reserved.coffee
108 silly gunzTarPerm modified mode [ 'documentation/coffee/objects_reserved.coffee', 436, 420 ]
109 silly gunzTarPerm extractEntry documentation/coffee/overview.coffee
110 silly gunzTarPerm modified mode [ 'documentation/coffee/overview.coffee', 436, 420 ]
111 silly gunzTarPerm extractEntry documentation/coffee/parallel_assignment.coffee
112 silly gunzTarPerm modified mode [ 'documentation/coffee/parallel_assignment.coffee', 436, 420 ]
113 silly gunzTarPerm extractEntry documentation/coffee/patterns_and_splats.coffee
114 silly gunzTarPerm modified mode [ 'documentation/coffee/patterns_and_splats.coffee', 436, 420 ]
115 silly gunzTarPerm extractEntry documentation/coffee/prototypes.coffee
116 silly gunzTarPerm modified mode [ 'documentation/coffee/prototypes.coffee', 436, 420 ]
117 silly gunzTarPerm extractEntry documentation/coffee/range_comprehensions.coffee
118 silly gunzTarPerm modified mode [ 'documentation/coffee/range_comprehensions.coffee', 436, 420 ]
119 silly gunzTarPerm extractEntry documentation/coffee/scope.coffee
120 silly gunzTarPerm modified mode [ 'documentation/coffee/scope.coffee', 436, 420 ]
121 silly gunzTarPerm extractEntry documentation/coffee/slices.coffee
122 silly gunzTarPerm modified mode [ 'documentation/coffee/slices.coffee', 436, 420 ]
123 silly gunzTarPerm extractEntry documentation/coffee/soaks.coffee
124 silly gunzTarPerm modified mode [ 'documentation/coffee/soaks.coffee', 436, 420 ]
125 silly gunzTarPerm extractEntry documentation/coffee/splats.coffee
126 silly gunzTarPerm modified mode [ 'documentation/coffee/splats.coffee', 436, 420 ]
127 silly gunzTarPerm extractEntry documentation/coffee/splices.coffee
128 silly gunzTarPerm modified mode [ 'documentation/coffee/splices.coffee', 436, 420 ]
129 silly gunzTarPerm extractEntry documentation/coffee/strings.coffee
130 silly gunzTarPerm modified mode [ 'documentation/coffee/strings.coffee', 436, 420 ]
131 silly gunzTarPerm extractEntry documentation/coffee/switch.coffee
132 silly gunzTarPerm modified mode [ 'documentation/coffee/switch.coffee', 436, 420 ]
133 silly gunzTarPerm extractEntry documentation/coffee/switch_with_no_expression.coffee
134 silly gunzTarPerm modified mode [ 'documentation/coffee/switch_with_no_expression.coffee',
134 silly gunzTarPerm   436,
134 silly gunzTarPerm   420 ]
135 silly gunzTarPerm extractEntry documentation/coffee/try.coffee
136 silly gunzTarPerm modified mode [ 'documentation/coffee/try.coffee', 436, 420 ]
137 silly gunzTarPerm extractEntry documentation/coffee/while.coffee
138 silly gunzTarPerm modified mode [ 'documentation/coffee/while.coffee', 436, 420 ]
139 silly gunzTarPerm extractEntry documentation/css/
140 silly gunzTarPerm modified mode [ 'documentation/css/', 509, 493 ]
141 silly gunzTarPerm extractEntry documentation/css/docs.css
142 silly gunzTarPerm modified mode [ 'documentation/css/docs.css', 436, 420 ]
143 silly gunzTarPerm extractEntry documentation/css/tomorrow.css
144 silly gunzTarPerm modified mode [ 'documentation/css/tomorrow.css', 436, 420 ]
145 silly gunzTarPerm extractEntry documentation/docs/
146 silly gunzTarPerm modified mode [ 'documentation/docs/', 509, 493 ]
147 silly gunzTarPerm extractEntry documentation/docs/browser.html
148 silly gunzTarPerm modified mode [ 'documentation/docs/browser.html', 436, 420 ]
149 silly gunzTarPerm extractEntry documentation/docs/cake.html
150 silly gunzTarPerm modified mode [ 'documentation/docs/cake.html', 436, 420 ]
151 silly gunzTarPerm extractEntry documentation/docs/coffee-script.html
152 silly gunzTarPerm modified mode [ 'documentation/docs/coffee-script.html', 436, 420 ]
153 silly gunzTarPerm extractEntry documentation/docs/command.html
154 silly gunzTarPerm modified mode [ 'documentation/docs/command.html', 436, 420 ]
155 silly gunzTarPerm extractEntry documentation/docs/docco.css
156 silly gunzTarPerm modified mode [ 'documentation/docs/docco.css', 436, 420 ]
157 silly gunzTarPerm extractEntry documentation/docs/grammar.html
158 silly gunzTarPerm modified mode [ 'documentation/docs/grammar.html', 436, 420 ]
159 silly gunzTarPerm extractEntry documentation/docs/helpers.html
160 silly gunzTarPerm modified mode [ 'documentation/docs/helpers.html', 436, 420 ]
161 silly gunzTarPerm extractEntry documentation/docs/index.html
162 silly gunzTarPerm modified mode [ 'documentation/docs/index.html', 436, 420 ]
163 silly gunzTarPerm extractEntry documentation/docs/lexer.html
164 silly gunzTarPerm modified mode [ 'documentation/docs/lexer.html', 436, 420 ]
165 silly gunzTarPerm extractEntry documentation/docs/nodes.html
166 silly gunzTarPerm modified mode [ 'documentation/docs/nodes.html', 436, 420 ]
167 silly gunzTarPerm extractEntry documentation/docs/optparse.html
168 silly gunzTarPerm modified mode [ 'documentation/docs/optparse.html', 436, 420 ]
169 silly gunzTarPerm extractEntry documentation/docs/public/
170 silly gunzTarPerm modified mode [ 'documentation/docs/public/', 509, 493 ]
171 silly gunzTarPerm extractEntry documentation/docs/public/fonts/
172 silly gunzTarPerm modified mode [ 'documentation/docs/public/fonts/', 509, 493 ]
173 silly gunzTarPerm extractEntry documentation/docs/public/fonts/aller-bold.eot
174 silly gunzTarPerm modified mode [ 'documentation/docs/public/fonts/aller-bold.eot', 509, 493 ]
175 silly gunzTarPerm extractEntry documentation/docs/public/fonts/aller-bold.ttf
176 silly gunzTarPerm modified mode [ 'documentation/docs/public/fonts/aller-bold.ttf', 509, 493 ]
177 silly gunzTarPerm extractEntry documentation/docs/public/fonts/aller-bold.woff
178 silly gunzTarPerm modified mode [ 'documentation/docs/public/fonts/aller-bold.woff', 509, 493 ]
179 silly gunzTarPerm extractEntry documentation/docs/public/fonts/aller-light.eot
180 silly gunzTarPerm modified mode [ 'documentation/docs/public/fonts/aller-light.eot', 509, 493 ]
181 silly gunzTarPerm extractEntry documentation/docs/public/fonts/aller-light.ttf
182 silly gunzTarPerm modified mode [ 'documentation/docs/public/fonts/aller-light.ttf', 509, 493 ]
183 silly gunzTarPerm extractEntry documentation/docs/public/fonts/aller-light.woff
184 silly gunzTarPerm modified mode [ 'documentation/docs/public/fonts/aller-light.woff', 509, 493 ]
185 silly gunzTarPerm extractEntry documentation/docs/public/fonts/novecento-bold.eot
186 silly gunzTarPerm modified mode [ 'documentation/docs/public/fonts/novecento-bold.eot',
186 silly gunzTarPerm   509,
186 silly gunzTarPerm   493 ]
187 silly gunzTarPerm extractEntry documentation/docs/public/fonts/novecento-bold.ttf
188 silly gunzTarPerm modified mode [ 'documentation/docs/public/fonts/novecento-bold.ttf',
188 silly gunzTarPerm   509,
188 silly gunzTarPerm   493 ]
189 silly gunzTarPerm extractEntry documentation/docs/public/fonts/novecento-bold.woff
190 silly gunzTarPerm modified mode [ 'documentation/docs/public/fonts/novecento-bold.woff',
190 silly gunzTarPerm   509,
190 silly gunzTarPerm   493 ]
191 silly gunzTarPerm extractEntry documentation/docs/public/stylesheets/
192 silly gunzTarPerm modified mode [ 'documentation/docs/public/stylesheets/', 509, 493 ]
193 silly gunzTarPerm extractEntry documentation/docs/public/stylesheets/normalize.css
194 silly gunzTarPerm modified mode [ 'documentation/docs/public/stylesheets/normalize.css',
194 silly gunzTarPerm   436,
194 silly gunzTarPerm   420 ]
195 silly gunzTarPerm extractEntry documentation/docs/register.html
196 silly gunzTarPerm modified mode [ 'documentation/docs/register.html', 436, 420 ]
197 silly gunzTarPerm extractEntry documentation/docs/repl.html
198 silly gunzTarPerm modified mode [ 'documentation/docs/repl.html', 436, 420 ]
199 silly gunzTarPerm extractEntry documentation/docs/rewriter.html
200 silly gunzTarPerm modified mode [ 'documentation/docs/rewriter.html', 436, 420 ]
201 silly gunzTarPerm extractEntry documentation/docs/scope.html
202 silly gunzTarPerm modified mode [ 'documentation/docs/scope.html', 436, 420 ]
203 silly gunzTarPerm extractEntry documentation/docs/sourcemap.html
204 silly gunzTarPerm modified mode [ 'documentation/docs/sourcemap.html', 436, 420 ]
205 silly gunzTarPerm extractEntry documentation/docs/underscore.html
206 silly gunzTarPerm modified mode [ 'documentation/docs/underscore.html', 436, 420 ]
207 silly gunzTarPerm extractEntry documentation/images/
208 silly gunzTarPerm modified mode [ 'documentation/images/', 509, 493 ]
209 silly gunzTarPerm extractEntry documentation/images/background.png
210 silly gunzTarPerm modified mode [ 'documentation/images/background.png', 436, 420 ]
211 silly gunzTarPerm extractEntry documentation/images/banding.png
212 silly gunzTarPerm modified mode [ 'documentation/images/banding.png', 436, 420 ]
213 silly gunzTarPerm extractEntry documentation/images/button_bg.png
214 silly gunzTarPerm modified mode [ 'documentation/images/button_bg.png', 436, 420 ]
215 silly gunzTarPerm extractEntry documentation/images/button_bg_dark.gif
216 silly gunzTarPerm modified mode [ 'documentation/images/button_bg_dark.gif', 436, 420 ]
217 silly gunzTarPerm extractEntry documentation/images/button_bg_green.gif
218 silly gunzTarPerm modified mode [ 'documentation/images/button_bg_green.gif', 436, 420 ]
219 silly gunzTarPerm extractEntry documentation/images/favicon.ico
220 silly gunzTarPerm modified mode [ 'documentation/images/favicon.ico', 436, 420 ]
221 silly gunzTarPerm extractEntry documentation/images/logo.png
222 silly gunzTarPerm modified mode [ 'documentation/images/logo.png', 436, 420 ]
223 silly gunzTarPerm extractEntry documentation/images/screenshadow.png
224 silly gunzTarPerm modified mode [ 'documentation/images/screenshadow.png', 436, 420 ]
225 silly gunzTarPerm extractEntry documentation/index.html.js
226 silly gunzTarPerm modified mode [ 'documentation/index.html.js', 436, 420 ]
227 silly gunzTarPerm extractEntry documentation/js/
228 silly gunzTarPerm modified mode [ 'documentation/js/', 509, 493 ]
229 silly gunzTarPerm extractEntry documentation/js/aliases.js
230 silly gunzTarPerm modified mode [ 'documentation/js/aliases.js', 436, 420 ]
231 silly gunzTarPerm extractEntry documentation/js/array_comprehensions.js
232 silly gunzTarPerm modified mode [ 'documentation/js/array_comprehensions.js', 436, 420 ]
233 silly gunzTarPerm extractEntry documentation/js/block_comment.js
234 silly gunzTarPerm modified mode [ 'documentation/js/block_comment.js', 436, 420 ]
235 silly gunzTarPerm extractEntry documentation/js/cake_tasks.js
236 silly gunzTarPerm modified mode [ 'documentation/js/cake_tasks.js', 436, 420 ]
237 silly gunzTarPerm extractEntry documentation/js/chaining.js
238 silly gunzTarPerm modified mode [ 'documentation/js/chaining.js', 436, 420 ]
239 silly gunzTarPerm extractEntry documentation/js/classes.js
240 silly gunzTarPerm modified mode [ 'documentation/js/classes.js', 436, 420 ]
241 silly gunzTarPerm extractEntry documentation/js/comparisons.js
242 silly gunzTarPerm modified mode [ 'documentation/js/comparisons.js', 436, 420 ]
243 silly gunzTarPerm extractEntry documentation/js/conditionals.js
244 silly gunzTarPerm modified mode [ 'documentation/js/conditionals.js', 436, 420 ]
245 silly gunzTarPerm extractEntry documentation/js/constructor_destructuring.js
246 silly gunzTarPerm modified mode [ 'documentation/js/constructor_destructuring.js', 436, 420 ]
247 silly gunzTarPerm extractEntry documentation/js/default_args.js
248 silly gunzTarPerm modified mode [ 'documentation/js/default_args.js', 436, 420 ]
249 silly gunzTarPerm extractEntry documentation/js/do.js
250 silly gunzTarPerm modified mode [ 'documentation/js/do.js', 436, 420 ]
251 silly gunzTarPerm extractEntry documentation/js/embedded.js
252 silly gunzTarPerm modified mode [ 'documentation/js/embedded.js', 436, 420 ]
253 silly gunzTarPerm extractEntry documentation/js/existence.js
254 silly gunzTarPerm modified mode [ 'documentation/js/existence.js', 436, 420 ]
255 silly gunzTarPerm extractEntry documentation/js/expansion.js
256 silly gunzTarPerm modified mode [ 'documentation/js/expansion.js', 436, 420 ]
257 silly gunzTarPerm extractEntry documentation/js/expressions.js
258 silly gunzTarPerm modified mode [ 'documentation/js/expressions.js', 436, 420 ]
259 silly gunzTarPerm extractEntry documentation/js/expressions_assignment.js
260 silly gunzTarPerm modified mode [ 'documentation/js/expressions_assignment.js', 436, 420 ]
261 silly gunzTarPerm extractEntry documentation/js/expressions_comprehension.js
262 silly gunzTarPerm modified mode [ 'documentation/js/expressions_comprehension.js', 436, 420 ]
263 silly gunzTarPerm extractEntry documentation/js/expressions_try.js
264 silly gunzTarPerm modified mode [ 'documentation/js/expressions_try.js', 436, 420 ]
265 silly gunzTarPerm extractEntry documentation/js/fat_arrow.js
266 silly gunzTarPerm modified mode [ 'documentation/js/fat_arrow.js', 436, 420 ]
267 silly gunzTarPerm extractEntry documentation/js/functions.js
268 silly gunzTarPerm modified mode [ 'documentation/js/functions.js', 436, 420 ]
269 silly gunzTarPerm extractEntry documentation/js/heredocs.js
270 silly gunzTarPerm modified mode [ 'documentation/js/heredocs.js', 436, 420 ]
271 silly gunzTarPerm extractEntry documentation/js/heregexes.js
272 silly gunzTarPerm modified mode [ 'documentation/js/heregexes.js', 436, 420 ]
273 silly gunzTarPerm extractEntry documentation/js/interpolation.js
274 silly gunzTarPerm modified mode [ 'documentation/js/interpolation.js', 436, 420 ]
275 silly gunzTarPerm extractEntry documentation/js/multiple_return_values.js
276 silly gunzTarPerm modified mode [ 'documentation/js/multiple_return_values.js', 436, 420 ]
277 silly gunzTarPerm extractEntry documentation/js/object_comprehensions.js
278 silly gunzTarPerm modified mode [ 'documentation/js/object_comprehensions.js', 436, 420 ]
279 silly gunzTarPerm extractEntry documentation/js/object_extraction.js
280 silly gunzTarPerm modified mode [ 'documentation/js/object_extraction.js', 436, 420 ]
281 silly gunzTarPerm extractEntry documentation/js/objects_and_arrays.js
282 silly gunzTarPerm modified mode [ 'documentation/js/objects_and_arrays.js', 436, 420 ]
283 silly gunzTarPerm extractEntry documentation/js/objects_reserved.js
284 silly gunzTarPerm modified mode [ 'documentation/js/objects_reserved.js', 436, 420 ]
285 silly gunzTarPerm extractEntry documentation/js/overview.js
286 silly gunzTarPerm modified mode [ 'documentation/js/overview.js', 436, 420 ]
287 silly gunzTarPerm extractEntry documentation/js/parallel_assignment.js
288 silly gunzTarPerm modified mode [ 'documentation/js/parallel_assignment.js', 436, 420 ]
289 silly gunzTarPerm extractEntry documentation/js/patterns_and_splats.js
290 silly gunzTarPerm modified mode [ 'documentation/js/patterns_and_splats.js', 436, 420 ]
291 silly gunzTarPerm extractEntry documentation/js/prototypes.js
292 silly gunzTarPerm modified mode [ 'documentation/js/prototypes.js', 436, 420 ]
293 silly gunzTarPerm extractEntry documentation/js/range_comprehensions.js
294 silly gunzTarPerm modified mode [ 'documentation/js/range_comprehensions.js', 436, 420 ]
295 silly gunzTarPerm extractEntry documentation/js/scope.js
296 silly gunzTarPerm modified mode [ 'documentation/js/scope.js', 436, 420 ]
297 silly gunzTarPerm extractEntry documentation/js/slices.js
298 silly gunzTarPerm modified mode [ 'documentation/js/slices.js', 436, 420 ]
299 silly gunzTarPerm extractEntry documentation/js/soaks.js
300 silly gunzTarPerm modified mode [ 'documentation/js/soaks.js', 436, 420 ]
301 silly gunzTarPerm extractEntry documentation/js/splats.js
302 silly gunzTarPerm modified mode [ 'documentation/js/splats.js', 436, 420 ]
303 silly gunzTarPerm extractEntry documentation/js/splices.js
304 silly gunzTarPerm modified mode [ 'documentation/js/splices.js', 436, 420 ]
305 silly gunzTarPerm extractEntry documentation/js/strings.js
306 silly gunzTarPerm modified mode [ 'documentation/js/strings.js', 436, 420 ]
307 silly gunzTarPerm extractEntry documentation/js/switch.js
308 silly gunzTarPerm modified mode [ 'documentation/js/switch.js', 436, 420 ]
309 silly gunzTarPerm extractEntry documentation/js/switch_with_no_expression.js
310 silly gunzTarPerm modified mode [ 'documentation/js/switch_with_no_expression.js', 436, 420 ]
311 silly gunzTarPerm extractEntry documentation/js/try.js
312 silly gunzTarPerm modified mode [ 'documentation/js/try.js', 436, 420 ]
313 silly gunzTarPerm extractEntry documentation/js/while.js
314 silly gunzTarPerm modified mode [ 'documentation/js/while.js', 436, 420 ]
315 silly gunzTarPerm extractEntry documentation/vendor/
316 silly gunzTarPerm modified mode [ 'documentation/vendor/', 509, 493 ]
317 silly gunzTarPerm extractEntry documentation/vendor/jquery-1.6.4.js
318 silly gunzTarPerm modified mode [ 'documentation/vendor/jquery-1.6.4.js', 436, 420 ]
319 silly gunzTarPerm extractEntry examples/
320 silly gunzTarPerm modified mode [ 'examples/', 509, 493 ]
321 silly gunzTarPerm extractEntry examples/beautiful_code/
322 silly gunzTarPerm modified mode [ 'examples/beautiful_code/', 509, 493 ]
323 silly gunzTarPerm extractEntry examples/beautiful_code/binary_search.coffee
324 silly gunzTarPerm modified mode [ 'examples/beautiful_code/binary_search.coffee', 436, 420 ]
325 silly gunzTarPerm extractEntry examples/beautiful_code/quicksort_runtime.coffee
326 silly gunzTarPerm modified mode [ 'examples/beautiful_code/quicksort_runtime.coffee', 436, 420 ]
327 silly gunzTarPerm extractEntry examples/beautiful_code/regular_expression_matcher.coffee
328 silly gunzTarPerm modified mode [ 'examples/beautiful_code/regular_expression_matcher.coffee',
328 silly gunzTarPerm   436,
328 silly gunzTarPerm   420 ]
329 silly gunzTarPerm extractEntry examples/blocks.coffee
330 silly gunzTarPerm modified mode [ 'examples/blocks.coffee', 436, 420 ]
331 silly gunzTarPerm extractEntry examples/code.coffee
332 silly gunzTarPerm modified mode [ 'examples/code.coffee', 436, 420 ]
333 silly gunzTarPerm extractEntry examples/computer_science/
334 silly gunzTarPerm modified mode [ 'examples/computer_science/', 509, 493 ]
335 silly gunzTarPerm extractEntry examples/computer_science/README
336 silly gunzTarPerm modified mode [ 'examples/computer_science/README', 436, 420 ]
337 silly gunzTarPerm extractEntry examples/computer_science/binary_search.coffee
338 silly gunzTarPerm modified mode [ 'examples/computer_science/binary_search.coffee', 436, 420 ]
339 silly gunzTarPerm extractEntry examples/computer_science/bubble_sort.coffee
340 silly gunzTarPerm modified mode [ 'examples/computer_science/bubble_sort.coffee', 436, 420 ]
341 silly gunzTarPerm extractEntry examples/computer_science/linked_list.coffee
342 silly gunzTarPerm modified mode [ 'examples/computer_science/linked_list.coffee', 436, 420 ]
343 silly gunzTarPerm extractEntry examples/computer_science/luhn_algorithm.coffee
344 silly gunzTarPerm modified mode [ 'examples/computer_science/luhn_algorithm.coffee', 436, 420 ]
345 silly gunzTarPerm extractEntry examples/computer_science/merge_sort.coffee
346 silly gunzTarPerm modified mode [ 'examples/computer_science/merge_sort.coffee', 436, 420 ]
347 silly gunzTarPerm extractEntry examples/computer_science/selection_sort.coffee
348 silly gunzTarPerm modified mode [ 'examples/computer_science/selection_sort.coffee', 436, 420 ]
349 silly gunzTarPerm extractEntry examples/custom_repl.coffee
350 silly gunzTarPerm modified mode [ 'examples/custom_repl.coffee', 436, 420 ]
351 silly gunzTarPerm extractEntry examples/poignant.coffee
352 silly gunzTarPerm modified mode [ 'examples/poignant.coffee', 436, 420 ]
353 silly gunzTarPerm extractEntry examples/potion.coffee
354 silly gunzTarPerm modified mode [ 'examples/potion.coffee', 436, 420 ]
355 silly gunzTarPerm extractEntry examples/underscore.coffee
356 silly gunzTarPerm modified mode [ 'examples/underscore.coffee', 436, 420 ]
357 silly gunzTarPerm extractEntry examples/web_server.coffee
358 silly gunzTarPerm modified mode [ 'examples/web_server.coffee', 436, 420 ]
359 silly gunzTarPerm extractEntry extras/
360 silly gunzTarPerm modified mode [ 'extras/', 509, 493 ]
361 silly gunzTarPerm extractEntry extras/coffee-script.js
362 silly gunzTarPerm modified mode [ 'extras/coffee-script.js', 436, 420 ]
363 silly gunzTarPerm extractEntry index.html
364 silly gunzTarPerm modified mode [ 'index.html', 436, 420 ]
365 silly gunzTarPerm extractEntry lib/
366 silly gunzTarPerm modified mode [ 'lib/', 509, 493 ]
367 silly gunzTarPerm extractEntry lib/coffee-script/
368 silly gunzTarPerm modified mode [ 'lib/coffee-script/', 509, 493 ]
369 silly gunzTarPerm extractEntry lib/coffee-script/browser.js
370 silly gunzTarPerm modified mode [ 'lib/coffee-script/browser.js', 436, 420 ]
371 silly gunzTarPerm extractEntry lib/coffee-script/cake.js
372 silly gunzTarPerm modified mode [ 'lib/coffee-script/cake.js', 436, 420 ]
373 silly gunzTarPerm extractEntry lib/coffee-script/coffee-script.js
374 silly gunzTarPerm modified mode [ 'lib/coffee-script/coffee-script.js', 436, 420 ]
375 silly gunzTarPerm extractEntry lib/coffee-script/command.js
376 silly gunzTarPerm modified mode [ 'lib/coffee-script/command.js', 436, 420 ]
377 silly gunzTarPerm extractEntry lib/coffee-script/grammar.js
378 silly gunzTarPerm modified mode [ 'lib/coffee-script/grammar.js', 436, 420 ]
379 silly gunzTarPerm extractEntry lib/coffee-script/helpers.js
380 silly gunzTarPerm modified mode [ 'lib/coffee-script/helpers.js', 436, 420 ]
381 silly gunzTarPerm extractEntry lib/coffee-script/index.js
382 silly gunzTarPerm modified mode [ 'lib/coffee-script/index.js', 436, 420 ]
383 silly gunzTarPerm extractEntry lib/coffee-script/lexer.js
384 silly gunzTarPerm modified mode [ 'lib/coffee-script/lexer.js', 436, 420 ]
385 silly gunzTarPerm extractEntry lib/coffee-script/nodes.js
386 silly gunzTarPerm modified mode [ 'lib/coffee-script/nodes.js', 436, 420 ]
387 silly gunzTarPerm extractEntry lib/coffee-script/optparse.js
388 silly gunzTarPerm modified mode [ 'lib/coffee-script/optparse.js', 436, 420 ]
389 silly gunzTarPerm extractEntry lib/coffee-script/parser.js
390 silly gunzTarPerm modified mode [ 'lib/coffee-script/parser.js', 509, 493 ]
391 silly gunzTarPerm extractEntry lib/coffee-script/register.js
392 silly gunzTarPerm modified mode [ 'lib/coffee-script/register.js', 436, 420 ]
393 silly gunzTarPerm extractEntry lib/coffee-script/repl.js
394 silly gunzTarPerm modified mode [ 'lib/coffee-script/repl.js', 436, 420 ]
395 silly gunzTarPerm extractEntry lib/coffee-script/rewriter.js
396 silly gunzTarPerm modified mode [ 'lib/coffee-script/rewriter.js', 436, 420 ]
397 silly gunzTarPerm extractEntry lib/coffee-script/scope.js
398 silly gunzTarPerm modified mode [ 'lib/coffee-script/scope.js', 436, 420 ]
399 silly gunzTarPerm extractEntry lib/coffee-script/sourcemap.js
400 silly gunzTarPerm modified mode [ 'lib/coffee-script/sourcemap.js', 436, 420 ]
401 silly gunzTarPerm extractEntry package.json
402 silly gunzTarPerm modified mode [ 'package.json', 436, 420 ]
403 silly gunzTarPerm extractEntry register.js
404 silly gunzTarPerm modified mode [ 'register.js', 436, 420 ]
405 silly gunzTarPerm extractEntry repl.js
406 silly gunzTarPerm modified mode [ 'repl.js', 436, 420 ]
407 silly gunzTarPerm extractEntry src/
408 silly gunzTarPerm modified mode [ 'src/', 509, 493 ]
409 silly gunzTarPerm extractEntry src/browser.coffee
410 silly gunzTarPerm modified mode [ 'src/browser.coffee', 436, 420 ]
411 silly gunzTarPerm extractEntry src/cake.coffee
412 silly gunzTarPerm modified mode [ 'src/cake.coffee', 436, 420 ]
413 silly gunzTarPerm extractEntry src/coffee-script.coffee
414 silly gunzTarPerm modified mode [ 'src/coffee-script.coffee', 436, 420 ]
415 silly gunzTarPerm extractEntry src/command.coffee
416 silly gunzTarPerm modified mode [ 'src/command.coffee', 436, 420 ]
417 silly gunzTarPerm extractEntry src/grammar.coffee
418 silly gunzTarPerm modified mode [ 'src/grammar.coffee', 436, 420 ]
419 silly gunzTarPerm extractEntry src/helpers.coffee
420 silly gunzTarPerm modified mode [ 'src/helpers.coffee', 436, 420 ]
421 silly gunzTarPerm extractEntry src/index.coffee
422 silly gunzTarPerm modified mode [ 'src/index.coffee', 436, 420 ]
423 silly gunzTarPerm extractEntry src/lexer.coffee
424 silly gunzTarPerm modified mode [ 'src/lexer.coffee', 436, 420 ]
425 silly gunzTarPerm extractEntry src/nodes.coffee
426 silly gunzTarPerm modified mode [ 'src/nodes.coffee', 436, 420 ]
427 silly gunzTarPerm extractEntry src/optparse.coffee
428 silly gunzTarPerm modified mode [ 'src/optparse.coffee', 436, 420 ]
429 silly gunzTarPerm extractEntry src/register.coffee
430 silly gunzTarPerm modified mode [ 'src/register.coffee', 436, 420 ]
431 silly gunzTarPerm extractEntry src/repl.coffee
432 silly gunzTarPerm modified mode [ 'src/repl.coffee', 436, 420 ]
433 silly gunzTarPerm extractEntry src/rewriter.coffee
434 silly gunzTarPerm modified mode [ 'src/rewriter.coffee', 436, 420 ]
435 silly gunzTarPerm extractEntry src/scope.litcoffee
436 silly gunzTarPerm modified mode [ 'src/scope.litcoffee', 436, 420 ]
437 silly gunzTarPerm extractEntry src/sourcemap.litcoffee
438 silly gunzTarPerm modified mode [ 'src/sourcemap.litcoffee', 436, 420 ]
439 silly gunzTarPerm extractEntry test/
440 silly gunzTarPerm modified mode [ 'test/', 509, 493 ]
441 silly gunzTarPerm extractEntry test/arrays.coffee
442 silly gunzTarPerm modified mode [ 'test/arrays.coffee', 436, 420 ]
443 silly gunzTarPerm extractEntry test/assignment.coffee
444 silly gunzTarPerm modified mode [ 'test/assignment.coffee', 436, 420 ]
445 silly gunzTarPerm extractEntry test/booleans.coffee
446 silly gunzTarPerm modified mode [ 'test/booleans.coffee', 436, 420 ]
447 silly gunzTarPerm extractEntry test/classes.coffee
448 silly gunzTarPerm modified mode [ 'test/classes.coffee', 436, 420 ]
449 silly gunzTarPerm extractEntry test/cluster.coffee
450 silly gunzTarPerm modified mode [ 'test/cluster.coffee', 436, 420 ]
451 silly gunzTarPerm extractEntry test/comments.coffee
452 silly gunzTarPerm modified mode [ 'test/comments.coffee', 436, 420 ]
453 silly gunzTarPerm extractEntry test/compilation.coffee
454 silly gunzTarPerm modified mode [ 'test/compilation.coffee', 436, 420 ]
455 silly gunzTarPerm extractEntry test/comprehensions.coffee
456 silly gunzTarPerm modified mode [ 'test/comprehensions.coffee', 436, 420 ]
457 silly gunzTarPerm extractEntry test/control_flow.coffee
458 silly gunzTarPerm modified mode [ 'test/control_flow.coffee', 436, 420 ]
459 silly gunzTarPerm extractEntry test/error_messages.coffee
460 silly gunzTarPerm modified mode [ 'test/error_messages.coffee', 436, 420 ]
461 silly gunzTarPerm extractEntry test/eval.coffee
462 silly gunzTarPerm modified mode [ 'test/eval.coffee', 436, 420 ]
463 silly gunzTarPerm extractEntry test/exception_handling.coffee
464 silly gunzTarPerm modified mode [ 'test/exception_handling.coffee', 436, 420 ]
465 silly gunzTarPerm extractEntry test/formatting.coffee
466 silly gunzTarPerm modified mode [ 'test/formatting.coffee', 436, 420 ]
467 silly gunzTarPerm extractEntry test/function_invocation.coffee
468 silly gunzTarPerm modified mode [ 'test/function_invocation.coffee', 436, 420 ]
469 silly gunzTarPerm extractEntry test/functions.coffee
470 silly gunzTarPerm modified mode [ 'test/functions.coffee', 436, 420 ]
471 silly gunzTarPerm extractEntry test/generators.coffee
472 silly gunzTarPerm modified mode [ 'test/generators.coffee', 436, 420 ]
473 silly gunzTarPerm extractEntry test/helpers.coffee
474 silly gunzTarPerm modified mode [ 'test/helpers.coffee', 436, 420 ]
475 silly gunzTarPerm extractEntry test/importing.coffee
476 silly gunzTarPerm modified mode [ 'test/importing.coffee', 436, 420 ]
477 silly gunzTarPerm extractEntry test/importing/
478 silly gunzTarPerm modified mode [ 'test/importing/', 509, 493 ]
479 silly gunzTarPerm extractEntry test/importing/.coffee
480 silly gunzTarPerm modified mode [ 'test/importing/.coffee', 436, 420 ]
481 silly gunzTarPerm extractEntry test/importing/.coffee.md
482 silly gunzTarPerm modified mode [ 'test/importing/.coffee.md', 436, 420 ]
483 silly gunzTarPerm extractEntry test/importing/.import.coffee
484 silly gunzTarPerm modified mode [ 'test/importing/.import.coffee', 436, 420 ]
485 silly gunzTarPerm extractEntry test/importing/.import.coffee.md
486 silly gunzTarPerm modified mode [ 'test/importing/.import.coffee.md', 436, 420 ]
487 silly gunzTarPerm extractEntry test/importing/.import2
488 silly gunzTarPerm modified mode [ 'test/importing/.import2', 436, 420 ]
489 silly gunzTarPerm extractEntry test/importing/import.coffee
490 silly gunzTarPerm modified mode [ 'test/importing/import.coffee', 436, 420 ]
491 silly gunzTarPerm extractEntry test/importing/import.coffee.md
492 silly gunzTarPerm modified mode [ 'test/importing/import.coffee.md', 436, 420 ]
493 silly gunzTarPerm extractEntry test/importing/import.extension.coffee
494 silly gunzTarPerm modified mode [ 'test/importing/import.extension.coffee', 436, 420 ]
495 silly gunzTarPerm extractEntry test/importing/import.extension.coffee.md
496 silly gunzTarPerm modified mode [ 'test/importing/import.extension.coffee.md', 436, 420 ]
497 silly gunzTarPerm extractEntry test/importing/import.extension.js
498 silly gunzTarPerm modified mode [ 'test/importing/import.extension.js', 436, 420 ]
499 silly gunzTarPerm extractEntry test/importing/import.js
500 silly gunzTarPerm modified mode [ 'test/importing/import.js', 436, 420 ]
501 silly gunzTarPerm extractEntry test/importing/import.litcoffee
502 silly gunzTarPerm modified mode [ 'test/importing/import.litcoffee', 436, 420 ]
503 silly gunzTarPerm extractEntry test/importing/import.unknownextension
504 silly gunzTarPerm modified mode [ 'test/importing/import.unknownextension', 436, 420 ]
505 silly gunzTarPerm extractEntry test/importing/import2
506 silly gunzTarPerm modified mode [ 'test/importing/import2', 436, 420 ]
507 silly gunzTarPerm extractEntry test/importing/index.coffee.md
508 silly gunzTarPerm modified mode [ 'test/importing/index.coffee.md', 436, 420 ]
509 silly gunzTarPerm extractEntry test/interpolation.coffee
510 silly gunzTarPerm modified mode [ 'test/interpolation.coffee', 436, 420 ]
511 silly gunzTarPerm extractEntry test/javascript_literals.coffee
512 silly gunzTarPerm modified mode [ 'test/javascript_literals.coffee', 436, 420 ]
513 silly gunzTarPerm extractEntry test/literate.litcoffee
514 silly gunzTarPerm modified mode [ 'test/literate.litcoffee', 436, 420 ]
515 silly gunzTarPerm extractEntry test/location.coffee
516 silly gunzTarPerm modified mode [ 'test/location.coffee', 436, 420 ]
517 silly gunzTarPerm extractEntry test/numbers.coffee
518 silly gunzTarPerm modified mode [ 'test/numbers.coffee', 436, 420 ]
519 silly gunzTarPerm extractEntry test/objects.coffee
520 silly gunzTarPerm modified mode [ 'test/objects.coffee', 436, 420 ]
521 silly gunzTarPerm extractEntry test/operators.coffee
522 silly gunzTarPerm modified mode [ 'test/operators.coffee', 436, 420 ]
523 silly gunzTarPerm extractEntry test/option_parser.coffee
524 silly gunzTarPerm modified mode [ 'test/option_parser.coffee', 436, 420 ]
525 silly gunzTarPerm extractEntry test/ranges.coffee
526 silly gunzTarPerm modified mode [ 'test/ranges.coffee', 436, 420 ]
527 silly gunzTarPerm extractEntry test/regexps.coffee
528 silly gunzTarPerm modified mode [ 'test/regexps.coffee', 436, 420 ]
529 silly gunzTarPerm extractEntry test/repl.coffee
530 silly gunzTarPerm modified mode [ 'test/repl.coffee', 436, 420 ]
531 silly gunzTarPerm extractEntry test/scope.coffee
532 silly gunzTarPerm modified mode [ 'test/scope.coffee', 436, 420 ]
533 silly gunzTarPerm extractEntry test/slicing_and_splicing.coffee
534 silly gunzTarPerm modified mode [ 'test/slicing_and_splicing.coffee', 436, 420 ]
535 silly gunzTarPerm extractEntry test/soaks.coffee
536 silly gunzTarPerm modified mode [ 'test/soaks.coffee', 436, 420 ]
537 silly gunzTarPerm extractEntry test/sourcemap.coffee
538 silly gunzTarPerm modified mode [ 'test/sourcemap.coffee', 436, 420 ]
539 silly gunzTarPerm extractEntry test/strict.coffee
540 silly gunzTarPerm modified mode [ 'test/strict.coffee', 436, 420 ]
541 silly gunzTarPerm extractEntry test/strings.coffee
542 silly gunzTarPerm modified mode [ 'test/strings.coffee', 436, 420 ]
543 silly gunzTarPerm extractEntry test/test.html
544 silly gunzTarPerm modified mode [ 'test/test.html', 436, 420 ]
545 silly lockFile 0bc00149-2079-0-12448823312297463-package tar:///home/mba/tmp/npm-17266-H5o17SK2/1415021792079-0.12448823312297463/package
546 silly lockFile 0bc00149-2079-0-12448823312297463-package tar:///home/mba/tmp/npm-17266-H5o17SK2/1415021792079-0.12448823312297463/package
547 silly lockFile 009a88ac-2079-0-12448823312297463-tmp-tgz tar:///home/mba/tmp/npm-17266-H5o17SK2/1415021792079-0.12448823312297463/tmp.tgz
548 silly lockFile 009a88ac-2079-0-12448823312297463-tmp-tgz tar:///home/mba/tmp/npm-17266-H5o17SK2/1415021792079-0.12448823312297463/tmp.tgz
549 verbose tar pack [ '/home/mba/.npm/coffee-script/1.8.0/package.tgz',
549 verbose tar pack   '/home/mba/tmp/npm-17266-H5o17SK2/1415021792079-0.12448823312297463/package' ]
550 verbose tarball /home/mba/.npm/coffee-script/1.8.0/package.tgz
551 verbose folder /home/mba/tmp/npm-17266-H5o17SK2/1415021792079-0.12448823312297463/package
552 silly lockFile 0bc00149-2079-0-12448823312297463-package tar:///home/mba/tmp/npm-17266-H5o17SK2/1415021792079-0.12448823312297463/package
553 verbose lock tar:///home/mba/tmp/npm-17266-H5o17SK2/1415021792079-0.12448823312297463/package /home/mba/.npm/0bc00149-2079-0-12448823312297463-package.lock
554 silly lockFile 6131aa79--coffee-script-1-8-0-package-tgz tar:///home/mba/.npm/coffee-script/1.8.0/package.tgz
555 verbose lock tar:///home/mba/.npm/coffee-script/1.8.0/package.tgz /home/mba/.npm/6131aa79--coffee-script-1-8-0-package-tgz.lock
556 silly lockFile 0bc00149-2079-0-12448823312297463-package tar:///home/mba/tmp/npm-17266-H5o17SK2/1415021792079-0.12448823312297463/package
557 silly lockFile 0bc00149-2079-0-12448823312297463-package tar:///home/mba/tmp/npm-17266-H5o17SK2/1415021792079-0.12448823312297463/package
558 silly lockFile 6131aa79--coffee-script-1-8-0-package-tgz tar:///home/mba/.npm/coffee-script/1.8.0/package.tgz
559 silly lockFile 6131aa79--coffee-script-1-8-0-package-tgz tar:///home/mba/.npm/coffee-script/1.8.0/package.tgz
560 silly lockFile 1ad0ea7f--npm-coffee-script-1-8-0-package /home/mba/.npm/coffee-script/1.8.0/package
561 verbose lock /home/mba/.npm/coffee-script/1.8.0/package /home/mba/.npm/1ad0ea7f--npm-coffee-script-1-8-0-package.lock
562 silly lockFile 1ad0ea7f--npm-coffee-script-1-8-0-package /home/mba/.npm/coffee-script/1.8.0/package
563 silly lockFile 1ad0ea7f--npm-coffee-script-1-8-0-package /home/mba/.npm/coffee-script/1.8.0/package
564 verbose tar unpack /home/mba/.npm/coffee-script/1.8.0/package.tgz
565 silly lockFile 4864ff91--npm-coffee-script-1-8-0-package tar:///home/mba/.npm/coffee-script/1.8.0/package
566 verbose lock tar:///home/mba/.npm/coffee-script/1.8.0/package /home/mba/.npm/4864ff91--npm-coffee-script-1-8-0-package.lock
567 silly lockFile 6131aa79--coffee-script-1-8-0-package-tgz tar:///home/mba/.npm/coffee-script/1.8.0/package.tgz
568 verbose lock tar:///home/mba/.npm/coffee-script/1.8.0/package.tgz /home/mba/.npm/6131aa79--coffee-script-1-8-0-package-tgz.lock
569 silly gunzTarPerm modes [ '755', '644' ]
570 silly gunzTarPerm extractEntry package.json
571 silly gunzTarPerm extractEntry .npmignore
572 silly gunzTarPerm extractEntry README
573 silly gunzTarPerm extractEntry README.md
574 silly gunzTarPerm extractEntry LICENSE
575 silly gunzTarPerm extractEntry register.js
576 silly gunzTarPerm extractEntry repl.js
577 silly gunzTarPerm extractEntry bower.json
578 silly gunzTarPerm extractEntry CNAME
579 silly gunzTarPerm extractEntry lib/coffee-script/browser.js
580 silly gunzTarPerm extractEntry lib/coffee-script/grammar.js
581 silly gunzTarPerm extractEntry lib/coffee-script/helpers.js
582 silly gunzTarPerm extractEntry lib/coffee-script/index.js
583 silly gunzTarPerm extractEntry lib/coffee-script/lexer.js
584 silly gunzTarPerm extractEntry lib/coffee-script/command.js
585 silly gunzTarPerm extractEntry lib/coffee-script/optparse.js
586 silly gunzTarPerm extractEntry lib/coffee-script/parser.js
587 silly gunzTarPerm extractEntry lib/coffee-script/register.js
588 silly gunzTarPerm extractEntry lib/coffee-script/repl.js
589 silly gunzTarPerm extractEntry lib/coffee-script/rewriter.js
590 silly gunzTarPerm extractEntry lib/coffee-script/coffee-script.js
591 silly gunzTarPerm extractEntry lib/coffee-script/scope.js
592 silly gunzTarPerm extractEntry lib/coffee-script/cake.js
593 silly gunzTarPerm extractEntry lib/coffee-script/sourcemap.js
594 silly gunzTarPerm extractEntry lib/coffee-script/nodes.js
595 silly gunzTarPerm extractEntry CONTRIBUTING.md
596 silly gunzTarPerm extractEntry bin/cake
597 silly gunzTarPerm extractEntry bin/coffee
598 silly lockFile 4864ff91--npm-coffee-script-1-8-0-package tar:///home/mba/.npm/coffee-script/1.8.0/package
599 silly lockFile 4864ff91--npm-coffee-script-1-8-0-package tar:///home/mba/.npm/coffee-script/1.8.0/package
600 silly lockFile 6131aa79--coffee-script-1-8-0-package-tgz tar:///home/mba/.npm/coffee-script/1.8.0/package.tgz
601 silly lockFile 6131aa79--coffee-script-1-8-0-package-tgz tar:///home/mba/.npm/coffee-script/1.8.0/package.tgz
602 verbose chmod /home/mba/.npm/coffee-script/1.8.0/package.tgz 644
603 verbose chown /home/mba/.npm/coffee-script/1.8.0/package.tgz [ 1000, 1000 ]
604 silly lockFile 2543cf05-ithub-com-jashkenas-coffeescript git://github.com/jashkenas/coffeescript
605 silly lockFile 2543cf05-ithub-com-jashkenas-coffeescript git://github.com/jashkenas/coffeescript
606 silly lockFile 328d62fc-jashkenas-coffeescript jashkenas/coffeescript
607 silly lockFile 328d62fc-jashkenas-coffeescript jashkenas/coffeescript
608 silly resolved [ { name: 'coffee-script',
608 silly resolved     description: 'Unfancy JavaScript',
608 silly resolved     keywords: [ 'javascript', 'language', 'coffeescript', 'compiler' ],
608 silly resolved     author: { name: 'Jeremy Ashkenas' },
608 silly resolved     version: '1.8.0',
608 silly resolved     license: 'MIT',
608 silly resolved     engines: { node: '>=0.8.0' },
608 silly resolved     directories: { lib: './lib/coffee-script' },
608 silly resolved     main: './lib/coffee-script/coffee-script',
608 silly resolved     bin: { coffee: './bin/coffee', cake: './bin/cake' },
608 silly resolved     preferGlobal: true,
608 silly resolved     scripts:
608 silly resolved      { test: 'node ./bin/cake test',
608 silly resolved        'test-harmony': 'node --harmony ./bin/cake test' },
608 silly resolved     homepage: 'http://coffeescript.org',
608 silly resolved     bugs: { url: 'https://github.com/jashkenas/coffeescript/issues' },
608 silly resolved     repository:
608 silly resolved      { type: 'git',
608 silly resolved        url: 'git://github.com/jashkenas/coffeescript.git' },
608 silly resolved     devDependencies:
608 silly resolved      { 'uglify-js': '~2.2',
608 silly resolved        jison: '>=0.2.0',
608 silly resolved        'highlight.js': '~8.0.0',
608 silly resolved        underscore: '~1.5.2',
608 silly resolved        docco: '~0.6.2' },
608 silly resolved     dependencies: { mkdirp: '~0.3.5' },
608 silly resolved     readme: '            {\n         }   }   {\n        {   {  }  }\n         }   }{  {\n        {  }{  }  }                    _____       __  __\n       { }{ }{  { }                   / ____|     / _|/ _|\n     .- { { }  { }} -.               | |     ___ | |_| |_ ___  ___\n    (  { } { } { } }  )              | |    / _ \\|  _|  _/ _ \\/ _ \\\n    |`-..________ ..-\'|              | |___| (_) | | | ||  __/  __/\n    |                 |               \\_____\\___/|_| |_| \\___|\\___|\n    |                 ;--.\n    |                (__  \\            _____           _       _\n    |                 | )  )          / ____|         (_)     | |\n    |                 |/  /          | (___   ___ _ __ _ _ __ | |_\n    |                 (  /            \\___ \\ / __| \'__| | \'_ \\| __|\n    |                 |/              ____) | (__| |  | | |_) | |_\n    |                 |              |_____/ \\___|_|  |_| .__/ \\__|\n     `-.._________..-\'                                  | |\n                                                        |_|\n\n\n  CoffeeScript is a little language that compiles into JavaScript.\n\n  If you have the Node Package Manager installed:\n  npm install -g coffee-script\n  (Leave off the -g if you don\'t wish to install globally.)\n\n  Or, if you don\'t wish to use npm:\n  sudo bin/cake install\n\n  Execute a script:\n  coffee /path/to/script.coffee\n\n  Compile a script:\n  coffee -c /path/to/script.coffee\n\n  For documentation, usage, and examples, see:\n  http://coffeescript.org/\n\n  To suggest a feature, report a bug, or general discussion:\n  http://github.com/jashkenas/coffeescript/issues/\n\n  If you\'d like to chat, drop by #coffeescript on Freenode IRC,\n  or on webchat.freenode.net.\n\n  The source repository:\n  git://github.com/jashkenas/coffeescript.git\n\n  Top 100 contributors are listed here:\n  http://github.com/jashkenas/coffeescript/contributors\n',
608 silly resolved     readmeFilename: 'README',
608 silly resolved     _id: 'coffee-script@1.8.0',
608 silly resolved     dist: { shasum: 'd85edcaf8f8c062dc7e3f13a0c92e7e3cf186a94' },
608 silly resolved     _resolved: 'git://github.com/jashkenas/coffeescript#a563e8f8fe0d99d6f107dedb26e8680915bc1d78',
608 silly resolved     _from: 'git://github.com/jashkenas/coffeescript',
608 silly resolved     _fromGithub: true } ]
609 info install coffee-script@1.8.0 into /usr/local/lib
610 info installOne coffee-script@1.8.0
611 info /usr/local/lib/node_modules/coffee-script unbuild
612 info preuninstall coffee-script@1.8.0
613 info uninstall coffee-script@1.8.0
614 verbose true,/usr/local/lib/node_modules,/usr/local/lib/node_modules unbuild coffee-script@1.8.0
615 verbose /usr/local/bin,[object Object] binRoot
616 info /usr/local/lib/node_modules/coffee-script unbuild
617 info preuninstall coffee-script@1.8.0
618 info uninstall coffee-script@1.8.0
619 verbose true,/usr/local/lib/node_modules,/usr/local/lib/node_modules unbuild coffee-script@1.8.0
620 verbose /usr/local/bin,[object Object] binRoot
621 error error rolling back Error: EACCES, unlink '/usr/local/bin/coffee'
621 error error rolling back  coffee-script@1.8.0 { [Error: EACCES, unlink '/usr/local/bin/coffee'] errno: 3, code: 'EACCES', path: '/usr/local/bin/coffee' }
622 error Error: EACCES, unlink '/usr/local/bin/coffee'
622 error  { [Error: EACCES, unlink '/usr/local/bin/coffee'] errno: 3, code: 'EACCES', path: '/usr/local/bin/coffee' }
623 error Please try running this command again as root/Administrator.
624 error System Linux 3.11-2-amd64
625 error command "/usr/bin/nodejs" "/usr/bin/npm" "install" "-g" "jashkenas/coffeescript"
626 error cwd /home/mba/workspace/mygithubpage
627 error node -v v0.10.21
628 error npm -v 1.3.10
629 error path /usr/local/bin/coffee
630 error code EACCES
631 error errno 3
632 error stack Error: EACCES, unlink '/usr/local/bin/coffee'
633 verbose exit [ 3, true ]
